$ /Library/Frameworks/Python.framework/Versions/3.13/bin/python3 /Users/timschafer/Documents/Masterstudium/2. Semester/Künstliche Intelligenz/QR_Code_Windshield/qr-code-windshield-cnn/scripts/train_cnn_from_scratch.py --base /Users/timschafer/Documents/Masterstudium/2. Semester/Künstliche Intelligenz/QR_Code_Windshield/qr-code-windshield-cnn/configs/cnn/baseline.yaml --override /Users/timschafer/Documents/Masterstudium/2. Semester/Künstliche Intelligenz/QR_Code_Windshield/qr-code-windshield-cnn/configs/cnn/exp_lr_3e-3.yaml

[Epoch 001] lr=3.00e-03 train_loss=0.3732 train_acc=0.843 | val_loss=0.1842 val_acc=0.950 val_f1=0.952 (best val_loss=0.1842 @ 1)
[Epoch 002] lr=3.00e-03 train_loss=0.2547 train_acc=0.903 | val_loss=0.6275 val_acc=0.679 val_f1=0.593 (best val_loss=0.1842 @ 1)
[Epoch 003] lr=3.00e-03 train_loss=0.2192 train_acc=0.912 | val_loss=2.6866 val_acc=0.591 val_f1=0.347 (best val_loss=0.1842 @ 1)
[Epoch 004] lr=2.99e-03 train_loss=0.1891 train_acc=0.923 | val_loss=0.2794 val_acc=0.808 val_f1=0.810 (best val_loss=0.1842 @ 1)
[Epoch 005] lr=2.98e-03 train_loss=0.2135 train_acc=0.921 | val_loss=0.1973 val_acc=0.931 val_f1=0.936 (best val_loss=0.1842 @ 1)
[Epoch 006] lr=2.97e-03 train_loss=0.1398 train_acc=0.948 | val_loss=0.0994 val_acc=0.917 val_f1=0.913 (best val_loss=0.0994 @ 6)
[Epoch 007] lr=2.96e-03 train_loss=0.1613 train_acc=0.939 | val_loss=0.3075 val_acc=0.849 val_f1=0.838 (best val_loss=0.0994 @ 6)
[Epoch 008] lr=2.94e-03 train_loss=0.1803 train_acc=0.935 | val_loss=0.1437 val_acc=0.988 val_f1=0.988 (best val_loss=0.0994 @ 6)
[Epoch 009] lr=2.93e-03 train_loss=0.1661 train_acc=0.933 | val_loss=0.5756 val_acc=0.669 val_f1=0.709 (best val_loss=0.0994 @ 6)
[Epoch 010] lr=2.91e-03 train_loss=0.1370 train_acc=0.944 | val_loss=0.1016 val_acc=0.962 val_f1=0.962 (best val_loss=0.0994 @ 6)
[Epoch 011] lr=2.89e-03 train_loss=0.1349 train_acc=0.950 | val_loss=0.2746 val_acc=0.849 val_f1=0.841 (best val_loss=0.0994 @ 6)
[Epoch 012] lr=2.86e-03 train_loss=0.1342 train_acc=0.951 | val_loss=0.0749 val_acc=0.992 val_f1=0.992 (best val_loss=0.0749 @ 12)
[Epoch 013] lr=2.84e-03 train_loss=0.1042 train_acc=0.961 | val_loss=0.4556 val_acc=0.829 val_f1=0.825 (best val_loss=0.0749 @ 12)
[Epoch 014] lr=2.81e-03 train_loss=0.1240 train_acc=0.956 | val_loss=0.0813 val_acc=0.996 val_f1=0.996 (best val_loss=0.0749 @ 12)
[Epoch 015] lr=2.78e-03 train_loss=0.1222 train_acc=0.954 | val_loss=0.0696 val_acc=0.992 val_f1=0.992 (best val_loss=0.0696 @ 15)
[Epoch 016] lr=2.75e-03 train_loss=0.1163 train_acc=0.956 | val_loss=0.0758 val_acc=0.996 val_f1=0.996 (best val_loss=0.0696 @ 15)
[Epoch 017] lr=2.71e-03 train_loss=0.1025 train_acc=0.962 | val_loss=0.2828 val_acc=0.887 val_f1=0.899 (best val_loss=0.0696 @ 15)
[Epoch 018] lr=2.68e-03 train_loss=0.1279 train_acc=0.956 | val_loss=0.1766 val_acc=0.935 val_f1=0.938 (best val_loss=0.0696 @ 15)
[Epoch 019] lr=2.64e-03 train_loss=0.1066 train_acc=0.959 | val_loss=0.0702 val_acc=0.996 val_f1=0.996 (best val_loss=0.0696 @ 15)
[Epoch 020] lr=2.60e-03 train_loss=0.0878 train_acc=0.969 | val_loss=0.1378 val_acc=0.976 val_f1=0.976 (best val_loss=0.0696 @ 15)
[Epoch 021] lr=2.56e-03 train_loss=0.0914 train_acc=0.965 | val_loss=0.0910 val_acc=0.980 val_f1=0.980 (best val_loss=0.0696 @ 15)
[Epoch 022] lr=2.52e-03 train_loss=0.1032 train_acc=0.965 | val_loss=0.5389 val_acc=0.869 val_f1=0.860 (best val_loss=0.0696 @ 15)
[Epoch 023] lr=2.47e-03 train_loss=0.1310 train_acc=0.950 | val_loss=0.0449 val_acc=0.988 val_f1=0.988 (best val_loss=0.0449 @ 23)
[Epoch 024] lr=2.43e-03 train_loss=0.0909 train_acc=0.966 | val_loss=0.1107 val_acc=0.986 val_f1=0.986 (best val_loss=0.0449 @ 23)
[Epoch 025] lr=2.38e-03 train_loss=0.0737 train_acc=0.975 | val_loss=0.0968 val_acc=0.968 val_f1=0.967 (best val_loss=0.0449 @ 23)
[Epoch 026] lr=2.33e-03 train_loss=0.0764 train_acc=0.975 | val_loss=0.0667 val_acc=0.992 val_f1=0.992 (best val_loss=0.0449 @ 23)
[Epoch 027] lr=2.28e-03 train_loss=0.0681 train_acc=0.976 | val_loss=0.1388 val_acc=0.917 val_f1=0.911 (best val_loss=0.0449 @ 23)
[Epoch 028] lr=2.23e-03 train_loss=0.0853 train_acc=0.971 | val_loss=0.0861 val_acc=0.984 val_f1=0.984 (best val_loss=0.0449 @ 23)
[Epoch 029] lr=2.18e-03 train_loss=0.0701 train_acc=0.976 | val_loss=0.2128 val_acc=0.917 val_f1=0.924 (best val_loss=0.0449 @ 23)
[Epoch 030] lr=2.13e-03 train_loss=0.0836 train_acc=0.969 | val_loss=0.1250 val_acc=0.958 val_f1=0.956 (best val_loss=0.0449 @ 23)
[Epoch 031] lr=2.07e-03 train_loss=0.0674 train_acc=0.977 | val_loss=0.0431 val_acc=0.986 val_f1=0.986 (best val_loss=0.0431 @ 31)
[Epoch 032] lr=2.02e-03 train_loss=0.0635 train_acc=0.979 | val_loss=0.0657 val_acc=0.986 val_f1=0.986 (best val_loss=0.0431 @ 31)
[Epoch 033] lr=1.96e-03 train_loss=0.0753 train_acc=0.975 | val_loss=0.1077 val_acc=0.960 val_f1=0.958 (best val_loss=0.0431 @ 31)
[Epoch 034] lr=1.91e-03 train_loss=0.0672 train_acc=0.976 | val_loss=0.0479 val_acc=0.988 val_f1=0.988 (best val_loss=0.0431 @ 31)
[Epoch 035] lr=1.85e-03 train_loss=0.0754 train_acc=0.974 | val_loss=0.0691 val_acc=0.982 val_f1=0.982 (best val_loss=0.0431 @ 31)
[Epoch 036] lr=1.79e-03 train_loss=0.0730 train_acc=0.974 | val_loss=0.0837 val_acc=0.992 val_f1=0.992 (best val_loss=0.0431 @ 31)
[Epoch 037] lr=1.73e-03 train_loss=0.0658 train_acc=0.977 | val_loss=0.1241 val_acc=0.899 val_f1=0.890 (best val_loss=0.0431 @ 31)
[Epoch 038] lr=1.68e-03 train_loss=0.0619 train_acc=0.977 | val_loss=0.0394 val_acc=0.992 val_f1=0.992 (best val_loss=0.0394 @ 38)
[Epoch 039] lr=1.62e-03 train_loss=0.0679 train_acc=0.976 | val_loss=0.0836 val_acc=0.962 val_f1=0.961 (best val_loss=0.0394 @ 38)
[Epoch 040] lr=1.56e-03 train_loss=0.0605 train_acc=0.979 | val_loss=0.0542 val_acc=0.986 val_f1=0.986 (best val_loss=0.0394 @ 38)
[Epoch 041] lr=1.50e-03 train_loss=0.0650 train_acc=0.977 | val_loss=0.0567 val_acc=0.996 val_f1=0.996 (best val_loss=0.0394 @ 38)
[Epoch 042] lr=1.44e-03 train_loss=0.0738 train_acc=0.976 | val_loss=0.1193 val_acc=0.956 val_f1=0.954 (best val_loss=0.0394 @ 38)
[Epoch 043] lr=1.38e-03 train_loss=0.0562 train_acc=0.981 | val_loss=0.0926 val_acc=0.935 val_f1=0.932 (best val_loss=0.0394 @ 38)
[Epoch 044] lr=1.32e-03 train_loss=0.0491 train_acc=0.982 | val_loss=0.0218 val_acc=0.996 val_f1=0.996 (best val_loss=0.0218 @ 44)
[Epoch 045] lr=1.27e-03 train_loss=0.0537 train_acc=0.984 | val_loss=0.2448 val_acc=0.897 val_f1=0.886 (best val_loss=0.0218 @ 44)
[Epoch 046] lr=1.21e-03 train_loss=0.0512 train_acc=0.982 | val_loss=0.6926 val_acc=0.802 val_f1=0.756 (best val_loss=0.0218 @ 44)
[Epoch 047] lr=1.15e-03 train_loss=0.0572 train_acc=0.980 | val_loss=0.0397 val_acc=0.996 val_f1=0.996 (best val_loss=0.0218 @ 44)
[Epoch 048] lr=1.09e-03 train_loss=0.0582 train_acc=0.980 | val_loss=0.0363 val_acc=0.992 val_f1=0.992 (best val_loss=0.0218 @ 44)
[Epoch 049] lr=1.04e-03 train_loss=0.0550 train_acc=0.982 | val_loss=0.1477 val_acc=0.877 val_f1=0.862 (best val_loss=0.0218 @ 44)
[Epoch 050] lr=9.81e-04 train_loss=0.0561 train_acc=0.981 | val_loss=0.0344 val_acc=0.992 val_f1=0.992 (best val_loss=0.0218 @ 44)
[Epoch 051] lr=9.26e-04 train_loss=0.0495 train_acc=0.984 | val_loss=0.0421 val_acc=0.992 val_f1=0.992 (best val_loss=0.0218 @ 44)
[Epoch 052] lr=8.72e-04 train_loss=0.0442 train_acc=0.985 | val_loss=0.0367 val_acc=0.992 val_f1=0.992 (best val_loss=0.0218 @ 44)
[Epoch 053] lr=8.19e-04 train_loss=0.0500 train_acc=0.983 | val_loss=0.0795 val_acc=0.958 val_f1=0.957 (best val_loss=0.0218 @ 44)
[Epoch 054] lr=7.67e-04 train_loss=0.0395 train_acc=0.987 | val_loss=0.0379 val_acc=0.992 val_f1=0.992 (best val_loss=0.0218 @ 44)
[EarlyStopping] stop at epoch 54 (no improvement for 10 epochs).

Done.
Run dir: /Users/timschafer/Documents/Masterstudium/2. Semester/Künstliche Intelligenz/QR_Code_Windshield/qr-code-windshield-cnn/runs/cnn_scratch/2026-01-05_143324_lr_3e-3
Best checkpoint: /Users/timschafer/Documents/Masterstudium/2. Semester/Künstliche Intelligenz/QR_Code_Windshield/qr-code-windshield-cnn/runs/cnn_scratch/2026-01-05_143324_lr_3e-3/best.pt
Last checkpoint: /Users/timschafer/Documents/Masterstudium/2. Semester/Künstliche Intelligenz/QR_Code_Windshield/qr-code-windshield-cnn/runs/cnn_scratch/2026-01-05_143324_lr_3e-3/last.pt
